<?xml version="1.0" encoding="UTF-8"?>
<!-- Generated by org.testng.reporters.JUnitReportReporter -->
<testsuite skipped="0" hostname="ATMECSINLT-407" name="com.atmecs.DemoBlaze.testscript.SampleTestScript" tests="1" failures="0" timestamp="26 Nov 2020 10:46:02 GMT" time="14.451" errors="0">
  <testcase name="sampleTest" time="14.451" classname="com.atmecs.DemoBlaze.testscript.SampleTestScript"/>
</testsuite> <!-- com.atmecs.DemoBlaze.testscript.SampleTestScript -->
